Removed Pin From Net: NetName=MISO Pin=P1-1
Removed Pin From Net: NetName=SCK Pin=P1-3
Removed Pin From Net: NetName=MOSI Pin=P1-4
Removed Pin From Net: NetName=RST Pin=P1-5
Removed Pin From Net: NetName=NetD1_2 Pin=Q1-1
Removed Pin From Net: NetName=GND Pin=Q1-3
Removed Pin From Net: NetName=VCC Pin=R2-2
Removed Member From Class: ClassName=ATTinySchematic Member=Q1
Change Component Footprint: Designator=R2 Old Footprint=J1-0603 New Footprint=12Z-2010
Change Component Footprint: Designator=D1 Old Footprint=LED-1 New Footprint=HDR1X2
Change Component Comment : Designator=D1 Old Comment=LED1 New Comment=LED2
Change component parameters: Designator = "D1"; Footprint = "HDR1X2"; UniqueID = "\VUCTRLQQ"
Change component parameters. Clean all parameters for all variants
Change component parameters (AddParameter): Name = "LatestRevisionDate"; Value = "17-Jul-2002"; VariantName = "[No Variations]"
Change component parameters (AddParameter): Name = "LatestRevisionNote"; Value = "Re-released for DXP Platform."; VariantName = "[No Variations]"
Change component parameters (AddParameter): Name = "PackageDescription"; Value = "SM LED; 2 Flat Leads"; VariantName = "[No Variations]"
Change component parameters (AddParameter): Name = "PackageReference"; Value = "3.2X1.6X1.1"; VariantName = "[No Variations]"
Change component parameters (AddParameter): Name = "PackageVersion"; Value = "Feb-2002"; VariantName = "[No Variations]"
Change component parameters (AddParameter): Name = "Published"; Value = "8-Jun-2000"; VariantName = "[No Variations]"
Change component parameters (AddParameter): Name = "Publisher"; Value = "Altium Limited"; VariantName = "[No Variations]"
Added Pin To Net: NetName=GND Pin=D1-1
Added Pin To Net: NetName=SCK Pin=P1-1
Added Pin To Net: NetName=MISO Pin=P1-3
Added Pin To Net: NetName=RST Pin=P1-4
Added Pin To Net: NetName=MOSI Pin=P1-5
Added Pin To Net: NetName=NetD1_2 Pin=R2-1
Added Pin To Net: NetName=NetR2_2 Pin=R2-2
Added Pin To Net: NetName=NetR2_2 Pin=U1-3
Added Net: Name=NetR2_2
